<?xml version="1.0" encoding="UTF-8"?>
<!-- Generated by org.testng.reporters.JUnitReportReporter -->
<testsuite skipped="0" hostname="Riaz" name="Capstone.AutomationPractice11.Points" tests="6" failures="0" timestamp="2025-01-05T00:37:18 EST" time="61.123" errors="0">
  <testcase name="f" time="9.293" classname="Capstone.AutomationPractice11.Points"/>
  <system-out/>
  <testcase name="f" time="9.767" classname="Capstone.AutomationPractice11.Points"/>
  <system-out/>
  <testcase name="f" time="10.428" classname="Capstone.AutomationPractice11.Points"/>
  <system-out/>
  <testcase name="f" time="11.234" classname="Capstone.AutomationPractice11.Points"/>
  <system-out/>
  <testcase name="f" time="10.201" classname="Capstone.AutomationPractice11.Points"/>
  <system-out/>
  <testcase name="f" time="10.200" classname="Capstone.AutomationPractice11.Points"/>
  <system-out/>
</testsuite> <!-- Capstone.AutomationPractice11.Points -->
