<?xml version="1.0" encoding="UTF-8"?>
<!-- Generated by org.testng.reporters.JUnitReportReporter -->
<testsuite skipped="0" hostname="Riaz" name="Capstone.AutomationPractice11.Property" tests="2" failures="0" timestamp="2025-01-05T00:37:18 EST" time="18.615" errors="0">
  <testcase name="f" time="8.889" classname="Capstone.AutomationPractice11.Property"/>
  <system-out/>
  <testcase name="f" time="9.726" classname="Capstone.AutomationPractice11.Property"/>
  <system-out/>
</testsuite> <!-- Capstone.AutomationPractice11.Property -->
