<?xml version="1.0" encoding="UTF-8"?>
<!-- Generated by org.testng.reporters.JUnitReportReporter -->
<testsuite skipped="0" hostname="Riaz" name="Capstone.AutomationPractice11.SignToAmazone" tests="2" failures="0" timestamp="2025-01-03T01:16:16 EST" time="20.877" errors="0">
  <testcase name="f" time="10.431" classname="Capstone.AutomationPractice11.SignToAmazone"/>
  <system-out/>
  <testcase name="f" time="10.446" classname="Capstone.AutomationPractice11.SignToAmazone"/>
  <system-out/>
</testsuite> <!-- Capstone.AutomationPractice11.SignToAmazone -->
