<?xml version="1.0" encoding="UTF-8"?>
<!-- Generated by org.testng.reporters.JUnitReportReporter -->
<testsuite skipped="0" hostname="Riaz" name="Capstone.AutomationPractice11.TextOfVerification" tests="4" failures="0" timestamp="2025-01-03T01:16:17 EST" time="47.660" errors="0">
  <testcase name="signin" time="10.096" classname="Capstone.AutomationPractice11.TextOfVerification"/>
  <system-out/>
  <testcase name="signin" time="9.609" classname="Capstone.AutomationPractice11.TextOfVerification"/>
  <system-out/>
  <testcase name="f" time="14.427" classname="Capstone.AutomationPractice11.TextOfVerification"/>
  <system-out/>
  <testcase name="f" time="13.528" classname="Capstone.AutomationPractice11.TextOfVerification"/>
  <system-out/>
</testsuite> <!-- Capstone.AutomationPractice11.TextOfVerification -->
