<?xml version="1.0" encoding="UTF-8"?>
<!-- Generated by org.testng.reporters.JUnitReportReporter -->
<testsuite skipped="0" hostname="Riaz" name="Capstone.AutomationPractice11.TestNGAnnotatios" tests="1" failures="0" timestamp="2024-12-27T01:52:06 EST" time="0.010" errors="0">
  <testcase name="f" time="0.010" classname="Capstone.AutomationPractice11.TestNGAnnotatios"/>
  <system-out/>
</testsuite> <!-- Capstone.AutomationPractice11.TestNGAnnotatios -->
